<?xml version="1.0" encoding="UTF-8"?>
<!-- Generated by org.testng.reporters.JUnitXMLReporter -->
<testsuite hostname="XIPL0056" name="Command line test" tests="3" failures="0" timestamp="11 Mar 2013 07:02:39 GMT" time="0.027" errors="0">
  <testcase name="sortEmployeeByName" time="0.009" classname="com.employee.EmployeeTest"/>
  <testcase name="sortEmployeeByNumber" time="0.002" classname="com.employee.EmployeeTest"/>
  <testcase name="sortEmployeeBySalary" time="0.002" classname="com.employee.EmployeeTest"/>
</testsuite> <!-- Command line test -->
