<?xml version="1.0" encoding="UTF-8"?>
<testng-results skipped="0" failed="0" total="3" passed="3">
  <reporter-output>
  </reporter-output>
  <suite name="Command line suite" duration-ms="27" started-at="2013-03-11T07:02:39Z" finished-at="2013-03-11T07:02:39Z">
    <groups>
    </groups>
    <test name="Command line test" duration-ms="27" started-at="2013-03-11T07:02:39Z" finished-at="2013-03-11T07:02:39Z">
      <class name="com.employee.EmployeeTest">
        <test-method status="PASS" signature="sortEmployeeByName()[pri:0, instance:com.employee.EmployeeTest@5c73a7ab]" name="sortEmployeeByName" duration-ms="9" started-at="2013-03-11T12:32:39Z" finished-at="2013-03-11T12:32:39Z">
          <reporter-output>
          </reporter-output>
        </test-method> <!-- sortEmployeeByName -->
        <test-method status="PASS" signature="sortEmployeeByNumber()[pri:0, instance:com.employee.EmployeeTest@5c73a7ab]" name="sortEmployeeByNumber" duration-ms="2" started-at="2013-03-11T12:32:39Z" finished-at="2013-03-11T12:32:39Z">
          <reporter-output>
          </reporter-output>
        </test-method> <!-- sortEmployeeByNumber -->
        <test-method status="PASS" signature="sortEmployeeBySalary()[pri:0, instance:com.employee.EmployeeTest@5c73a7ab]" name="sortEmployeeBySalary" duration-ms="2" started-at="2013-03-11T12:32:39Z" finished-at="2013-03-11T12:32:39Z">
          <reporter-output>
          </reporter-output>
        </test-method> <!-- sortEmployeeBySalary -->
      </class> <!-- com.employee.EmployeeTest -->
    </test> <!-- Command line test -->
  </suite> <!-- Command line suite -->
</testng-results>
